TN:
SF:src\config\config.js
FNF:0
FNH:0
DA:1,3
DA:3,3
DA:65,3
LF:3
LH:3
BRDA:5,0,0,3
BRDA:5,0,1,0
BRDA:6,1,0,3
BRDA:6,1,1,0
BRDA:10,2,0,3
BRDA:10,2,1,0
BRDA:11,3,0,3
BRDA:11,3,1,0
BRDA:12,4,0,3
BRDA:12,4,1,0
BRDA:13,5,0,3
BRDA:13,5,1,0
BRDA:20,6,0,3
BRDA:20,6,1,0
BRDA:21,7,0,3
BRDA:21,7,1,0
BRDA:22,8,0,3
BRDA:22,8,1,0
BRDA:27,9,0,3
BRDA:27,9,1,0
BRDA:33,10,0,3
BRDA:33,10,1,0
BRDA:34,11,0,3
BRDA:34,11,1,0
BRF:24
BRH:12
end_of_record
TN:
SF:src\controllers\accessController.js
FN:7,(anonymous_0)
FN:77,(anonymous_1)
FN:123,(anonymous_2)
FN:196,(anonymous_3)
FN:230,(anonymous_4)
FN:259,(anonymous_5)
FNF:6
FNH:0
FNDA:0,(anonymous_0)
FNDA:0,(anonymous_1)
FNDA:0,(anonymous_2)
FNDA:0,(anonymous_3)
FNDA:0,(anonymous_4)
FNDA:0,(anonymous_5)
DA:1,0
DA:2,0
DA:3,0
DA:4,0
DA:7,0
DA:8,0
DA:9,0
DA:10,0
DA:12,0
DA:13,0
DA:14,0
DA:15,0
DA:17,0
DA:43,0
DA:44,0
DA:45,0
DA:46,0
DA:48,0
DA:67,0
DA:68,0
DA:77,0
DA:78,0
DA:79,0
DA:80,0
DA:101,0
DA:102,0
DA:108,0
DA:113,0
DA:114,0
DA:123,0
DA:124,0
DA:125,0
DA:128,0
DA:129,0
DA:130,0
DA:137,0
DA:138,0
DA:139,0
DA:146,0
DA:147,0
DA:148,0
DA:149,0
DA:157,0
DA:165,0
DA:166,0
DA:172,0
DA:180,0
DA:186,0
DA:187,0
DA:196,0
DA:197,0
DA:198,0
DA:199,0
DA:201,0
DA:202,0
DA:203,0
DA:209,0
DA:214,0
DA:220,0
DA:221,0
DA:230,0
DA:231,0
DA:232,0
DA:233,0
DA:235,0
DA:236,0
DA:242,0
DA:244,0
DA:249,0
DA:250,0
DA:259,0
DA:260,0
DA:261,0
DA:270,0
DA:275,0
DA:276,0
DA:284,0
LF:77
LH:0
BRDA:9,0,0,0
BRDA:9,1,0,0
BRDA:13,2,0,0
BRDA:13,2,1,0
BRDA:14,3,0,0
BRDA:14,3,1,0
BRDA:15,4,0,0
BRDA:15,4,1,0
BRDA:101,5,0,0
BRDA:101,5,1,0
BRDA:125,6,0,0
BRDA:129,7,0,0
BRDA:129,7,1,0
BRDA:138,8,0,0
BRDA:138,8,1,0
BRDA:146,9,0,0
BRDA:146,9,1,0
BRDA:148,10,0,0
BRDA:148,10,1,0
BRDA:161,11,0,0
BRDA:161,11,1,0
BRDA:165,12,0,0
BRDA:165,12,1,0
BRDA:175,13,0,0
BRDA:175,13,1,0
BRDA:202,14,0,0
BRDA:202,14,1,0
BRDA:235,15,0,0
BRDA:235,15,1,0
BRF:29
BRH:0
end_of_record
TN:
SF:src\controllers\authController.js
FN:8,(anonymous_0)
FN:25,(anonymous_1)
FN:35,(anonymous_2)
FN:111,(anonymous_3)
FN:215,(anonymous_4)
FN:283,(anonymous_5)
FN:309,(anonymous_6)
FN:369,(anonymous_7)
FN:416,(anonymous_8)
FNF:9
FNH:0
FNDA:0,(anonymous_0)
FNDA:0,(anonymous_1)
FNDA:0,(anonymous_2)
FNDA:0,(anonymous_3)
FNDA:0,(anonymous_4)
FNDA:0,(anonymous_5)
FNDA:0,(anonymous_6)
FNDA:0,(anonymous_7)
FNDA:0,(anonymous_8)
DA:1,0
DA:2,0
DA:3,0
DA:4,0
DA:5,0
DA:8,0
DA:9,0
DA:15,0
DA:21,0
DA:25,0
DA:26,0
DA:27,0
DA:31,0
DA:35,0
DA:36,0
DA:37,0
DA:40,0
DA:41,0
DA:42,0
DA:49,0
DA:50,0
DA:51,0
DA:52,0
DA:60,0
DA:61,0
DA:64,0
DA:78,0
DA:81,0
DA:86,0
DA:102,0
DA:103,0
DA:111,0
DA:112,0
DA:113,0
DA:114,0
DA:117,0
DA:121,0
DA:122,0
DA:123,0
DA:131,0
DA:132,0
DA:133,0
DA:140,0
DA:141,0
DA:148,0
DA:149,0
DA:156,0
DA:157,0
DA:159,0
DA:160,0
DA:164,0
DA:169,0
DA:176,0
DA:183,0
DA:184,0
DA:186,0
DA:206,0
DA:207,0
DA:215,0
DA:216,0
DA:217,0
DA:219,0
DA:220,0
DA:227,0
DA:228,0
DA:229,0
DA:236,0
DA:243,0
DA:244,0
DA:250,0
DA:252,0
DA:253,0
DA:260,0
DA:266,0
DA:274,0
DA:275,0
DA:283,0
DA:284,0
DA:285,0
DA:287,0
DA:289,0
DA:295,0
DA:300,0
DA:301,0
DA:309,0
DA:310,0
DA:311,0
DA:313,0
DA:323,0
DA:324,0
DA:330,0
DA:332,0
DA:360,0
DA:361,0
DA:369,0
DA:370,0
DA:371,0
DA:374,0
DA:376,0
DA:378,0
DA:384,0
DA:387,0
DA:388,0
DA:391,0
DA:398,0
DA:400,0
DA:407,0
DA:408,0
DA:416,0
DA:417,0
DA:418,0
DA:421,0
DA:428,0
DA:429,0
DA:435,0
DA:438,0
DA:439,0
DA:442,0
DA:444,0
DA:449,0
DA:454,0
DA:456,0
DA:461,0
DA:462,0
DA:463,0
DA:470,0
LF:126
LH:0
BRDA:41,0,0,0
BRDA:41,0,1,0
BRDA:49,1,0,0
BRDA:49,1,1,0
BRDA:51,2,0,0
BRDA:51,2,1,0
BRDA:72,3,0,0
BRDA:72,3,1,0
BRDA:73,4,0,0
BRDA:73,4,1,0
BRDA:121,5,0,0
BRDA:121,5,1,0
BRDA:122,6,0,0
BRDA:122,6,1,0
BRDA:131,7,0,0
BRDA:131,7,1,0
BRDA:140,8,0,0
BRDA:140,8,1,0
BRDA:140,9,0,0
BRDA:140,9,1,0
BRDA:148,10,0,0
BRDA:148,10,1,0
BRDA:157,11,0,0
BRDA:157,11,1,0
BRDA:159,12,0,0
BRDA:159,12,1,0
BRDA:160,13,0,0
BRDA:160,13,1,0
BRDA:219,14,0,0
BRDA:219,14,1,0
BRDA:228,15,0,0
BRDA:228,15,1,0
BRDA:243,16,0,0
BRDA:243,16,1,0
BRDA:252,17,0,0
BRDA:252,17,1,0
BRDA:287,18,0,0
BRDA:287,18,1,0
BRDA:323,19,0,0
BRDA:323,19,1,0
BRDA:376,20,0,0
BRDA:376,20,1,0
BRDA:404,21,0,0
BRDA:404,21,1,0
BRDA:428,22,0,0
BRDA:428,22,1,0
BRF:46
BRH:0
end_of_record
TN:
SF:src\controllers\authControllerSimple.js
FN:7,(anonymous_0)
FN:24,(anonymous_1)
FN:103,(anonymous_2)
FN:153,(anonymous_3)
FN:170,(anonymous_4)
FNF:5
FNH:0
FNDA:0,(anonymous_0)
FNDA:0,(anonymous_1)
FNDA:0,(anonymous_2)
FNDA:0,(anonymous_3)
FNDA:0,(anonymous_4)
DA:1,0
DA:2,0
DA:3,0
DA:4,0
DA:7,0
DA:8,0
DA:14,0
DA:20,0
DA:24,0
DA:25,0
DA:26,0
DA:27,0
DA:30,0
DA:34,0
DA:35,0
DA:36,0
DA:44,0
DA:45,0
DA:46,0
DA:53,0
DA:54,0
DA:61,0
DA:62,0
DA:64,0
DA:65,0
DA:72,0
DA:74,0
DA:94,0
DA:95,0
DA:103,0
DA:104,0
DA:105,0
DA:108,0
DA:109,0
DA:110,0
DA:117,0
DA:120,0
DA:130,0
DA:144,0
DA:145,0
DA:153,0
DA:154,0
DA:156,0
DA:161,0
DA:162,0
DA:170,0
DA:171,0
DA:172,0
DA:174,0
DA:175,0
DA:182,0
DA:184,0
DA:185,0
DA:192,0
DA:198,0
DA:206,0
DA:207,0
DA:214,0
LF:58
LH:0
BRDA:34,0,0,0
BRDA:34,0,1,0
BRDA:35,1,0,0
BRDA:35,1,1,0
BRDA:44,2,0,0
BRDA:44,2,1,0
BRDA:53,3,0,0
BRDA:53,3,1,0
BRDA:64,4,0,0
BRDA:64,4,1,0
BRDA:109,5,0,0
BRDA:109,5,1,0
BRDA:124,6,0,0
BRDA:124,6,1,0
BRDA:174,7,0,0
BRDA:174,7,1,0
BRDA:184,8,0,0
BRDA:184,8,1,0
BRF:18
BRH:0
end_of_record
TN:
SF:src\controllers\facilityController.js
FN:4,(anonymous_0)
FN:45,(anonymous_1)
FN:74,(anonymous_2)
FN:115,(anonymous_3)
FN:136,(anonymous_4)
FN:184,(anonymous_5)
FN:260,(anonymous_6)
FN:287,(anonymous_7)
FNF:8
FNH:0
FNDA:0,(anonymous_0)
FNDA:0,(anonymous_1)
FNDA:0,(anonymous_2)
FNDA:0,(anonymous_3)
FNDA:0,(anonymous_4)
FNDA:0,(anonymous_5)
FNDA:0,(anonymous_6)
FNDA:0,(anonymous_7)
DA:1,0
DA:4,0
DA:5,0
DA:6,0
DA:7,0
DA:8,0
DA:9,0
DA:11,0
DA:12,0
DA:14,0
DA:15,0
DA:16,0
DA:20,0
DA:26,0
DA:27,0
DA:30,0
DA:42,0
DA:45,0
DA:65,0
DA:66,0
DA:74,0
DA:75,0
DA:76,0
DA:78,0
DA:85,0
DA:86,0
DA:92,0
DA:95,0
DA:102,0
DA:115,0
DA:127,0
DA:128,0
DA:136,0
DA:137,0
DA:138,0
DA:141,0
DA:142,0
DA:143,0
DA:149,0
DA:155,0
DA:157,0
DA:175,0
DA:176,0
DA:184,0
DA:185,0
DA:186,0
DA:187,0
DA:190,0
DA:191,0
DA:192,0
DA:199,0
DA:200,0
DA:201,0
DA:202,0
DA:209,0
DA:210,0
DA:211,0
DA:213,0
DA:214,0
DA:215,0
DA:216,0
DA:218,0
DA:219,0
DA:220,0
DA:221,0
DA:223,0
DA:224,0
DA:225,0
DA:226,0
DA:228,0
DA:229,0
DA:230,0
DA:231,0
DA:233,0
DA:234,0
DA:235,0
DA:236,0
DA:239,0
DA:240,0
DA:241,0
DA:246,0
DA:251,0
DA:252,0
DA:260,0
DA:261,0
DA:262,0
DA:264,0
DA:266,0
DA:267,0
DA:273,0
DA:278,0
DA:279,0
DA:287,0
DA:288,0
DA:289,0
DA:291,0
DA:293,0
DA:294,0
DA:300,0
DA:305,0
DA:306,0
DA:313,0
LF:102
LH:0
BRDA:6,0,0,0
BRDA:6,0,1,0
BRDA:7,1,0,0
BRDA:7,1,1,0
BRDA:9,2,0,0
BRDA:9,2,1,0
BRDA:14,3,0,0
BRDA:14,3,1,0
BRDA:85,4,0,0
BRDA:85,4,1,0
BRDA:142,5,0,0
BRDA:142,5,1,0
BRDA:191,6,0,0
BRDA:191,6,1,0
BRDA:199,7,0,0
BRDA:199,7,1,0
BRDA:201,8,0,0
BRDA:201,8,1,0
BRDA:213,9,0,0
BRDA:213,9,1,0
BRDA:218,10,0,0
BRDA:218,10,1,0
BRDA:223,11,0,0
BRDA:223,11,1,0
BRDA:228,12,0,0
BRDA:228,12,1,0
BRDA:233,13,0,0
BRDA:233,13,1,0
BRDA:239,14,0,0
BRDA:239,14,1,0
BRDA:266,15,0,0
BRDA:266,15,1,0
BRDA:293,16,0,0
BRDA:293,16,1,0
BRF:34
BRH:0
end_of_record
TN:
SF:src\controllers\facilityControllerSimple.js
FN:5,(anonymous_0)
FN:64,(anonymous_1)
FN:91,(anonymous_2)
FN:120,(anonymous_3)
FN:159,(anonymous_4)
FNF:5
FNH:0
FNDA:0,(anonymous_0)
FNDA:0,(anonymous_1)
FNDA:0,(anonymous_2)
FNDA:0,(anonymous_3)
FNDA:0,(anonymous_4)
DA:1,0
DA:2,0
DA:5,0
DA:6,0
DA:7,0
DA:8,0
DA:9,0
DA:10,0
DA:12,0
DA:15,0
DA:16,0
DA:17,0
DA:20,0
DA:21,0
DA:31,0
DA:32,0
DA:35,0
DA:42,0
DA:55,0
DA:56,0
DA:64,0
DA:65,0
DA:66,0
DA:68,0
DA:70,0
DA:71,0
DA:77,0
DA:82,0
DA:83,0
DA:91,0
DA:92,0
DA:93,0
DA:95,0
DA:105,0
DA:111,0
DA:112,0
DA:120,0
DA:121,0
DA:122,0
DA:123,0
DA:125,0
DA:127,0
DA:128,0
DA:134,0
DA:144,0
DA:150,0
DA:151,0
DA:159,0
DA:160,0
DA:161,0
DA:163,0
DA:165,0
DA:166,0
DA:172,0
DA:174,0
DA:179,0
DA:180,0
DA:187,0
LF:58
LH:0
BRDA:7,0,0,0
BRDA:7,0,1,0
BRDA:8,1,0,0
BRDA:8,1,1,0
BRDA:10,2,0,0
BRDA:10,2,1,0
BRDA:15,3,0,0
BRDA:15,3,1,0
BRDA:15,4,0,0
BRDA:15,4,1,0
BRDA:20,5,0,0
BRDA:20,5,1,0
BRDA:70,6,0,0
BRDA:70,6,1,0
BRDA:127,7,0,0
BRDA:127,7,1,0
BRDA:165,8,0,0
BRDA:165,8,1,0
BRF:18
BRH:0
end_of_record
TN:
SF:src\controllers\roleController.js
FN:5,(anonymous_0)
FN:22,(anonymous_1)
FN:54,(anonymous_2)
FN:86,(anonymous_3)
FN:122,(anonymous_4)
FN:169,(anonymous_5)
FN:207,(anonymous_6)
FNF:7
FNH:0
FNDA:0,(anonymous_0)
FNDA:0,(anonymous_1)
FNDA:0,(anonymous_2)
FNDA:0,(anonymous_3)
FNDA:0,(anonymous_4)
FNDA:0,(anonymous_5)
FNDA:0,(anonymous_6)
DA:1,0
DA:2,0
DA:5,0
DA:6,0
DA:7,0
DA:8,0
DA:10,0
DA:11,0
DA:13,0
DA:21,0
DA:23,0
DA:24,0
DA:31,0
DA:44,0
DA:45,0
DA:54,0
DA:55,0
DA:56,0
DA:57,0
DA:59,0
DA:60,0
DA:66,0
DA:68,0
DA:76,0
DA:77,0
DA:86,0
DA:87,0
DA:88,0
DA:91,0
DA:92,0
DA:93,0
DA:99,0
DA:106,0
DA:112,0
DA:113,0
DA:122,0
DA:123,0
DA:124,0
DA:125,0
DA:127,0
DA:128,0
DA:129,0
DA:136,0
DA:137,0
DA:138,0
DA:139,0
DA:146,0
DA:153,0
DA:159,0
DA:160,0
DA:169,0
DA:170,0
DA:171,0
DA:172,0
DA:174,0
DA:175,0
DA:182,0
DA:183,0
DA:184,0
DA:190,0
DA:192,0
DA:197,0
DA:198,0
DA:207,0
DA:208,0
DA:209,0
DA:222,0
DA:227,0
DA:228,0
DA:236,0
LF:70
LH:0
BRDA:7,0,0,0
BRDA:7,1,0,0
BRDA:11,2,0,0
BRDA:11,2,1,0
BRDA:59,3,0,0
BRDA:59,3,1,0
BRDA:88,4,0,0
BRDA:92,5,0,0
BRDA:92,5,1,0
BRDA:128,6,0,0
BRDA:128,6,1,0
BRDA:136,7,0,0
BRDA:136,7,1,0
BRDA:136,8,0,0
BRDA:136,8,1,0
BRDA:138,9,0,0
BRDA:138,9,1,0
BRDA:174,10,0,0
BRDA:174,10,1,0
BRDA:183,11,0,0
BRDA:183,11,1,0
BRF:21
BRH:0
end_of_record
TN:
SF:src\controllers\teamController.js
FN:5,(anonymous_0)
FN:62,(anonymous_1)
FN:89,(anonymous_2)
FN:129,(anonymous_3)
FN:168,(anonymous_4)
FN:197,(anonymous_5)
FNF:6
FNH:0
FNDA:0,(anonymous_0)
FNDA:0,(anonymous_1)
FNDA:0,(anonymous_2)
FNDA:0,(anonymous_3)
FNDA:0,(anonymous_4)
FNDA:0,(anonymous_5)
DA:1,0
DA:2,0
DA:5,0
DA:6,0
DA:7,0
DA:8,0
DA:10,0
DA:11,0
DA:12,0
DA:14,0
DA:22,0
DA:23,0
DA:24,0
DA:25,0
DA:33,0
DA:52,0
DA:53,0
DA:62,0
DA:63,0
DA:64,0
DA:65,0
DA:67,0
DA:68,0
DA:74,0
DA:79,0
DA:80,0
DA:89,0
DA:90,0
DA:91,0
DA:94,0
DA:95,0
DA:96,0
DA:102,0
DA:113,0
DA:119,0
DA:120,0
DA:129,0
DA:130,0
DA:131,0
DA:132,0
DA:134,0
DA:135,0
DA:136,0
DA:142,0
DA:152,0
DA:158,0
DA:159,0
DA:168,0
DA:169,0
DA:170,0
DA:171,0
DA:173,0
DA:174,0
DA:180,0
DA:182,0
DA:187,0
DA:188,0
DA:197,0
DA:198,0
DA:199,0
DA:201,0
DA:202,0
DA:203,0
DA:208,0
DA:218,0
DA:223,0
DA:224,0
DA:232,0
LF:68
LH:0
BRDA:7,0,0,0
BRDA:7,1,0,0
BRDA:11,2,0,0
BRDA:11,2,1,0
BRDA:12,3,0,0
BRDA:12,3,1,0
BRDA:46,4,0,0
BRDA:46,4,1,0
BRDA:67,5,0,0
BRDA:67,5,1,0
BRDA:91,6,0,0
BRDA:95,7,0,0
BRDA:95,7,1,0
BRDA:135,8,0,0
BRDA:135,8,1,0
BRDA:173,9,0,0
BRDA:173,9,1,0
BRDA:202,10,0,0
BRDA:202,10,1,0
BRDA:202,11,0,0
BRDA:202,11,1,0
BRF:21
BRH:0
end_of_record
TN:
SF:src\controllers\userController.js
FN:5,(anonymous_0)
FN:45,(anonymous_1)
FN:78,(anonymous_2)
FN:137,(anonymous_3)
FN:266,(anonymous_4)
FN:310,(anonymous_5)
FN:346,(anonymous_6)
FN:373,(anonymous_7)
FNF:8
FNH:0
FNDA:0,(anonymous_0)
FNDA:0,(anonymous_1)
FNDA:0,(anonymous_2)
FNDA:0,(anonymous_3)
FNDA:0,(anonymous_4)
FNDA:0,(anonymous_5)
FNDA:0,(anonymous_6)
FNDA:0,(anonymous_7)
DA:1,0
DA:2,0
DA:5,0
DA:6,0
DA:7,0
DA:8,0
DA:9,0
DA:10,0
DA:12,0
DA:13,0
DA:15,0
DA:16,0
DA:17,0
DA:21,0
DA:27,0
DA:28,0
DA:31,0
DA:42,0
DA:45,0
DA:69,0
DA:70,0
DA:78,0
DA:79,0
DA:80,0
DA:82,0
DA:92,0
DA:93,0
DA:99,0
DA:101,0
DA:128,0
DA:129,0
DA:137,0
DA:138,0
DA:139,0
DA:140,0
DA:143,0
DA:144,0
DA:145,0
DA:152,0
DA:153,0
DA:154,0
DA:156,0
DA:157,0
DA:158,0
DA:159,0
DA:162,0
DA:164,0
DA:165,0
DA:166,0
DA:171,0
DA:172,0
DA:173,0
DA:176,0
DA:177,0
DA:178,0
DA:184,0
DA:186,0
DA:188,0
DA:189,0
DA:190,0
DA:192,0
DA:193,0
DA:194,0
DA:195,0
DA:197,0
DA:198,0
DA:199,0
DA:200,0
DA:202,0
DA:203,0
DA:204,0
DA:205,0
DA:207,0
DA:208,0
DA:209,0
DA:210,0
DA:212,0
DA:213,0
DA:214,0
DA:215,0
DA:217,0
DA:218,0
DA:219,0
DA:220,0
DA:222,0
DA:223,0
DA:224,0
DA:225,0
DA:227,0
DA:228,0
DA:229,0
DA:230,0
DA:232,0
DA:233,0
DA:234,0
DA:235,0
DA:238,0
DA:239,0
DA:240,0
DA:246,0
DA:252,0
DA:257,0
DA:258,0
DA:266,0
DA:267,0
DA:268,0
DA:269,0
DA:272,0
DA:273,0
DA:274,0
DA:281,0
DA:282,0
DA:283,0
DA:290,0
DA:291,0
DA:294,0
DA:296,0
DA:301,0
DA:302,0
DA:310,0
DA:311,0
DA:312,0
DA:313,0
DA:315,0
DA:316,0
DA:317,0
DA:323,0
DA:325,0
DA:326,0
DA:332,0
DA:337,0
DA:338,0
DA:346,0
DA:347,0
DA:348,0
DA:350,0
DA:352,0
DA:353,0
DA:359,0
DA:364,0
DA:365,0
DA:373,0
DA:374,0
DA:375,0
DA:377,0
DA:379,0
DA:380,0
DA:386,0
DA:391,0
DA:392,0
DA:399,0
LF:151
LH:0
BRDA:7,0,0,0
BRDA:7,0,1,0
BRDA:8,1,0,0
BRDA:8,1,1,0
BRDA:10,2,0,0
BRDA:10,2,1,0
BRDA:15,3,0,0
BRDA:15,3,1,0
BRDA:92,4,0,0
BRDA:92,4,1,0
BRDA:144,5,0,0
BRDA:144,5,1,0
BRDA:156,6,0,0
BRDA:156,6,1,0
BRDA:162,7,0,0
BRDA:162,7,1,0
BRDA:165,8,0,0
BRDA:165,8,1,0
BRDA:176,9,0,0
BRDA:176,9,1,0
BRDA:186,10,0,0
BRDA:186,10,1,0
BRDA:192,11,0,0
BRDA:192,11,1,0
BRDA:197,12,0,0
BRDA:197,12,1,0
BRDA:202,13,0,0
BRDA:202,13,1,0
BRDA:207,14,0,0
BRDA:207,14,1,0
BRDA:212,15,0,0
BRDA:212,15,1,0
BRDA:217,16,0,0
BRDA:217,16,1,0
BRDA:222,17,0,0
BRDA:222,17,1,0
BRDA:227,18,0,0
BRDA:227,18,1,0
BRDA:232,19,0,0
BRDA:232,19,1,0
BRDA:238,20,0,0
BRDA:238,20,1,0
BRDA:273,21,0,0
BRDA:273,21,1,0
BRDA:282,22,0,0
BRDA:282,22,1,0
BRDA:316,23,0,0
BRDA:316,23,1,0
BRDA:325,24,0,0
BRDA:325,24,1,0
BRDA:352,25,0,0
BRDA:352,25,1,0
BRDA:379,26,0,0
BRDA:379,26,1,0
BRF:54
BRH:0
end_of_record
TN:
SF:src\controllers\userControllerSimple.js
FN:5,(anonymous_0)
FN:70,(anonymous_1)
FN:99,(anonymous_2)
FN:143,(anonymous_3)
FNF:4
FNH:0
FNDA:0,(anonymous_0)
FNDA:0,(anonymous_1)
FNDA:0,(anonymous_2)
FNDA:0,(anonymous_3)
DA:1,0
DA:2,0
DA:5,0
DA:6,0
DA:7,0
DA:8,0
DA:9,0
DA:10,0
DA:11,0
DA:13,0
DA:16,0
DA:17,0
DA:18,0
DA:21,0
DA:22,0
DA:31,0
DA:32,0
DA:36,0
DA:37,0
DA:40,0
DA:48,0
DA:61,0
DA:62,0
DA:70,0
DA:71,0
DA:72,0
DA:74,0
DA:78,0
DA:79,0
DA:85,0
DA:90,0
DA:91,0
DA:99,0
DA:100,0
DA:101,0
DA:102,0
DA:104,0
DA:106,0
DA:107,0
DA:113,0
DA:120,0
DA:134,0
DA:135,0
DA:143,0
DA:144,0
DA:145,0
DA:147,0
DA:149,0
DA:150,0
DA:156,0
DA:158,0
DA:163,0
DA:164,0
DA:171,0
LF:54
LH:0
BRDA:7,0,0,0
BRDA:7,0,1,0
BRDA:8,1,0,0
BRDA:8,1,1,0
BRDA:10,2,0,0
BRDA:10,2,1,0
BRDA:11,3,0,0
BRDA:11,3,1,0
BRDA:16,4,0,0
BRDA:16,4,1,0
BRDA:16,5,0,0
BRDA:16,5,1,0
BRDA:21,6,0,0
BRDA:21,6,1,0
BRDA:31,7,0,0
BRDA:31,7,1,0
BRDA:78,8,0,0
BRDA:78,8,1,0
BRDA:106,9,0,0
BRDA:106,9,1,0
BRDA:149,10,0,0
BRDA:149,10,1,0
BRF:22
BRH:0
end_of_record
TN:
SF:src\middleware\auth.js
FN:6,(anonymous_0)
FN:70,(anonymous_1)
FN:71,(anonymous_2)
FN:91,(anonymous_3)
FN:92,(anonymous_4)
FN:122,(anonymous_5)
FN:149,(anonymous_6)
FNF:7
FNH:3
FNDA:11,(anonymous_0)
FNDA:12,(anonymous_1)
FNDA:12,(anonymous_2)
FNDA:0,(anonymous_3)
FNDA:0,(anonymous_4)
FNDA:0,(anonymous_5)
FNDA:0,(anonymous_6)
DA:1,2
DA:2,2
DA:3,2
DA:6,2
DA:7,11
DA:8,11
DA:10,11
DA:11,3
DA:17,8
DA:18,8
DA:21,5
DA:25,4
DA:26,1
DA:32,3
DA:33,1
DA:39,2
DA:45,2
DA:47,4
DA:48,1
DA:54,3
DA:55,2
DA:61,1
DA:62,1
DA:70,2
DA:71,12
DA:72,12
DA:73,2
DA:79,10
DA:80,5
DA:86,5
DA:91,2
DA:92,0
DA:93,0
DA:94,0
DA:100,0
DA:101,0
DA:104,0
DA:105,0
DA:109,0
DA:110,0
DA:111,0
DA:117,0
DA:122,2
DA:123,0
DA:124,0
DA:126,0
DA:131,0
DA:132,0
DA:133,0
DA:134,0
DA:141,0
DA:143,0
DA:144,0
DA:149,2
DA:150,0
DA:151,0
DA:157,0
DA:159,0
DA:160,0
DA:162,0
DA:169,2
LF:61
LH:34
BRDA:8,0,0,11
BRDA:8,0,1,9
BRDA:10,1,0,3
BRDA:10,1,1,8
BRDA:25,2,0,1
BRDA:25,2,1,3
BRDA:32,3,0,1
BRDA:32,3,1,2
BRDA:47,4,0,1
BRDA:47,4,1,3
BRDA:54,5,0,2
BRDA:54,5,1,1
BRDA:72,6,0,2
BRDA:72,6,1,10
BRDA:79,7,0,5
BRDA:79,7,1,5
BRDA:93,8,0,0
BRDA:93,8,1,0
BRDA:104,9,0,0
BRDA:104,9,1,0
BRDA:109,10,0,0
BRDA:109,10,1,0
BRDA:110,11,0,0
BRDA:110,11,1,0
BRDA:110,12,0,0
BRDA:110,12,1,0
BRDA:131,13,0,0
BRDA:131,13,1,0
BRDA:133,14,0,0
BRDA:133,14,1,0
BRDA:133,15,0,0
BRDA:133,15,1,0
BRDA:150,16,0,0
BRDA:150,16,1,0
BRDA:157,17,0,0
BRDA:157,17,1,0
BRDA:159,18,0,0
BRDA:159,18,1,0
BRDA:159,19,0,0
BRDA:159,19,1,0
BRF:40
BRH:16
end_of_record
TN:
SF:src\middleware\errorHandler.js
FN:4,(anonymous_0)
FN:25,(anonymous_1)
FN:64,(anonymous_2)
FNF:3
FNH:0
FNDA:0,(anonymous_0)
FNDA:0,(anonymous_1)
FNDA:0,(anonymous_2)
DA:1,0
DA:4,0
DA:5,0
DA:6,0
DA:9,0
DA:12,0
DA:13,0
DA:14,0
DA:18,0
DA:19,0
DA:20,0
DA:24,0
DA:25,0
DA:26,0
DA:30,0
DA:31,0
DA:32,0
DA:35,0
DA:36,0
DA:37,0
DA:41,0
DA:42,0
DA:43,0
DA:46,0
DA:47,0
DA:48,0
DA:51,0
DA:52,0
DA:53,0
DA:56,0
DA:64,0
DA:65,0
DA:66,0
DA:67,0
DA:70,0
LF:35
LH:0
BRDA:12,0,0,0
BRDA:12,0,1,0
BRDA:18,1,0,0
BRDA:18,1,1,0
BRDA:24,2,0,0
BRDA:24,2,1,0
BRDA:30,3,0,0
BRDA:30,3,1,0
BRDA:35,4,0,0
BRDA:35,4,1,0
BRDA:41,5,0,0
BRDA:41,5,1,0
BRDA:46,6,0,0
BRDA:46,6,1,0
BRDA:51,7,0,0
BRDA:51,7,1,0
BRDA:56,8,0,0
BRDA:56,8,1,0
BRDA:58,9,0,0
BRDA:58,9,1,0
BRDA:59,10,0,0
BRDA:59,10,1,0
BRF:22
BRH:0
end_of_record
TN:
SF:src\middleware\facilityFilter.js
FN:2,(anonymous_0)
FN:18,(anonymous_1)
FNF:2
FNH:2
FNDA:8,(anonymous_0)
FNDA:12,(anonymous_1)
DA:2,1
DA:4,8
DA:6,2
DA:10,2
DA:14,8
DA:18,1
DA:19,12
DA:22,9
DA:23,2
DA:27,7
DA:28,3
DA:29,2
DA:36,5
DA:39,1
LF:14
LH:14
BRDA:4,0,0,2
BRDA:4,0,1,6
BRDA:4,1,0,8
BRDA:4,1,1,6
BRDA:19,2,0,12
BRDA:19,2,1,1
BRDA:19,2,2,1
BRDA:22,3,0,2
BRDA:22,3,1,7
BRDA:22,4,0,9
BRDA:22,4,1,7
BRDA:27,5,0,3
BRDA:27,5,1,4
BRDA:27,6,0,7
BRDA:27,6,1,5
BRDA:28,7,0,2
BRDA:28,7,1,1
BRDA:28,8,0,3
BRDA:28,8,1,3
BRF:19
BRH:19
end_of_record
TN:
SF:src\middleware\validation.js
FN:4,(anonymous_0)
FNF:1
FNH:0
FNDA:0,(anonymous_0)
DA:1,0
DA:4,0
DA:5,0
DA:6,0
DA:7,0
DA:13,0
DA:17,0
DA:42,0
DA:54,0
DA:74,0
DA:85,0
DA:93,0
DA:101,0
DA:114,0
DA:142,0
DA:154,0
LF:16
LH:0
BRDA:6,0,0,0
BRDA:6,0,1,0
BRF:2
BRH:0
end_of_record
TN:
SF:src\models\AccessRule.js
FNF:0
FNH:0
DA:1,0
DA:2,0
DA:3,0
DA:4,0
DA:5,0
DA:7,0
DA:59,0
LF:7
LH:0
BRF:0
BRH:0
end_of_record
TN:
SF:src\models\Facility.js
FNF:0
FNH:0
DA:1,3
DA:2,3
DA:4,3
DA:54,3
LF:4
LH:4
BRF:0
BRH:0
end_of_record
TN:
SF:src\models\Resident.js
FNF:0
FNH:0
DA:1,0
DA:2,0
DA:4,0
DA:51,0
LF:4
LH:0
BRF:0
BRH:0
end_of_record
TN:
SF:src\models\Role.js
FNF:0
FNH:0
DA:1,3
DA:2,3
DA:4,3
DA:41,3
LF:4
LH:4
BRF:0
BRH:0
end_of_record
TN:
SF:src\models\TeamMember.js
FNF:0
FNH:0
DA:1,0
DA:2,0
DA:3,0
DA:5,0
DA:64,0
LF:5
LH:0
BRF:0
BRH:0
end_of_record
TN:
SF:src\models\User.js
FNF:0
FNH:0
DA:1,3
DA:2,3
DA:4,3
DA:79,3
LF:4
LH:4
BRF:0
BRH:0
end_of_record
TN:
SF:src\routes\access.js
FNF:0
FNH:0
DA:1,0
DA:2,0
DA:10,0
DA:11,0
DA:12,0
DA:15,0
DA:18,0
DA:21,0
DA:24,0
DA:27,0
DA:30,0
DA:33,0
DA:35,0
LF:13
LH:0
BRF:0
BRH:0
end_of_record
TN:
SF:src\routes\auth.js
FNF:0
FNH:0
DA:1,0
DA:2,0
DA:3,0
DA:4,0
DA:10,0
DA:13,0
DA:14,0
DA:15,0
DA:16,0
DA:18,0
LF:10
LH:0
BRF:0
BRH:0
end_of_record
TN:
SF:src\routes\facilities.js
FNF:0
FNH:0
DA:1,0
DA:2,0
DA:3,0
DA:4,0
DA:5,0
DA:6,0
DA:9,0
DA:12,0
DA:15,0
DA:18,0
DA:21,0
DA:24,0
DA:27,0
DA:29,0
LF:14
LH:0
BRF:0
BRH:0
end_of_record
TN:
SF:src\routes\roles.js
FNF:0
FNH:0
DA:1,0
DA:2,0
DA:10,0
DA:11,0
DA:12,0
DA:15,0
DA:18,0
DA:21,0
DA:24,0
DA:27,0
DA:30,0
DA:33,0
DA:35,0
LF:13
LH:0
BRF:0
BRH:0
end_of_record
TN:
SF:src\routes\team.js
FNF:0
FNH:0
DA:1,0
DA:2,0
DA:10,0
DA:11,0
DA:12,0
DA:15,0
DA:18,0
DA:21,0
DA:24,0
DA:27,0
DA:30,0
DA:33,0
DA:35,0
LF:13
LH:0
BRF:0
BRH:0
end_of_record
TN:
SF:src\routes\users.js
FNF:0
FNH:0
DA:1,0
DA:2,0
DA:3,0
DA:4,0
DA:5,0
DA:11,0
DA:14,0
DA:17,0
DA:20,0
DA:23,0
DA:26,0
DA:29,0
DA:31,0
LF:13
LH:0
BRF:0
BRH:0
end_of_record
